<?xml version="1.0" encoding="UTF-8"?>
<testsuite xmlns:xsi="http://www.w3.org/2001/XMLSchema-instance" xsi:noNamespaceSchemaLocation="https://maven.apache.org/surefire/maven-surefire-plugin/xsd/surefire-test-report.xsd" version="3.0.2" name="com.minisql.master.balance.MigrationExceptionTest" time="0.108" tests="5" errors="0" skipped="0" failures="0">
  <properties>
[...]
</properties>
  <testcase name="testFatalException" classname="com.minisql.master.balance.MigrationExceptionTest" time="0.007"/>
  <testcase name="testConstructorWithMessageAndCause" classname="com.minisql.master.balance.MigrationExceptionTest" time="0.0"/>
  <testcase name="testConstructorWithMessage" classname="com.minisql.master.balance.MigrationExceptionTest" time="0.0"/>
  <testcase name="testConstructorWithMessageCauseAndRecoverable" classname="com.minisql.master.balance.MigrationExceptionTest" time="0.0"/>
  <testcase name="testRecoverableException" classname="com.minisql.master.balance.MigrationExceptionTest" time="0.0"/>
</testsuite>